<?xml version="1.0" encoding="UTF-8"?>
<testsuite name="RBNTest" tests="18" skipped="0" failures="0" errors="0" timestamp="2022-09-30T13:29:37" hostname="LAPTOP-JOU316N8" time="0.047">
  <properties/>
  <testcase name="test_searchAndDeleteAsk_Give_Note()" classname="RBNTest" time="0.022"/>
  <testcase name="test_search_account_query_return_all_asks()" classname="RBNTest" time="0.006"/>
  <testcase name="test_search_asks_query()" classname="RBNTest" time="0.0"/>
  <testcase name="test_search_account_query_return_all_gives()" classname="RBNTest" time="0.0"/>
  <testcase name="test_search_thanks_query()" classname="RBNTest" time="0.0"/>
  <testcase name="test_search_and_return_methods()" classname="RBNTest" time="0.001"/>
  <testcase name="test_contains_method()" classname="RBNTest" time="0.001"/>
  <testcase name="setting_Account_uid_and_returning_value_and_test_matching_method()" classname="RBNTest" time="0.0"/>
  <testcase name="test_search_notes_query()" classname="RBNTest" time="0.0"/>
  <testcase name="account_date_created_up_to_date()" classname="RBNTest" time="0.0"/>
  <testcase name="test_search_and_deactivate_methods_ask_give()" classname="RBNTest" time="0.001"/>
  <testcase name="test_activate_deactivate_account()" classname="RBNTest" time="0.001"/>
  <testcase name="test_search_account_query_return_all_thanks()" classname="RBNTest" time="0.001"/>
  <testcase name="test_search_gives_query()" classname="RBNTest" time="0.001"/>
  <testcase name="test_search_account_query()" classname="RBNTest" time="0.001"/>
  <testcase name="test_search_and_update_methods_ask_give_thank_note()" classname="RBNTest" time="0.0"/>
  <testcase name="test_search_and_update_fromAccount_methods_ask_give_thank_note()" classname="RBNTest" time="0.001"/>
  <testcase name="test_search_and_deactivate_methods()" classname="RBNTest" time="0.001"/>
  <system-out><![CDATA[]]></system-out>
  <system-err><![CDATA[]]></system-err>
</testsuite>
